-------------------------------------------------------------------------------
Test set: com.roofstacks.runner.FailedTestRunner
-------------------------------------------------------------------------------
Tests run: 1, Failures: 0, Errors: 1, Skipped: 0, Time elapsed: 0.002 s <<< FAILURE! - in com.roofstacks.runner.FailedTestRunner
initializationError(com.roofstacks.runner.FailedTestRunner)  Time elapsed: 0 s  <<< ERROR!
io.cucumber.core.exception.CucumberException: Failed to parse 'target\rerun.txt'
Caused by: java.nio.file.NoSuchFileException: target\rerun.txt

